<?xml version="1.0" encoding="UTF-8"?>

<beans xmlns="http://www.springframework.org/schema/beans" xmlns:xsi="http://www.w3.org/2001/XMLSchema-instance"
       xsi:schemaLocation="http://www.springframework.org/schema/beans http://www.springframework.org/schema/beans/spring-beans-3.2.xsd">
    <!--请将所有文件库据配置放于此，使用WAR+EJB部署时，root.xml会删除对此文件的引用-->
    <import resource="classpath:root.xml"/>

</beans>
